Using pre-set license
Built from '2020.2/release' branch; Version is '2020.2.2f1 (068178b99f32) revision 426360'; Using compiler version '192528614'; Build Type 'Release'
OS: 'Windows 10 Enterprise; OS build 18363.1500; Version 1909; 64bit' Language: 'en' Physical Memory: 16304 MB
BatchMode: 1, IsHumanControllingUs: 0, StartBugReporterOnCrash: 0, Is64bit: 1, IsPro: 0

 COMMAND LINE ARGUMENTS:
C:\Program Files\Unity\Hub\Editor\2020.2.2f1\Editor\Unity.exe
-adb2
-batchMode
-noUpm
-name
AssetImportWorker0
-projectPath
C:/Users/noah.grainger/Documents/GitHub/OneButtonGame
-logFile
Logs/AssetImportWorker0.log
-srvPort
56275
Successfully changed project path to: C:/Users/noah.grainger/Documents/GitHub/OneButtonGame
C:/Users/noah.grainger/Documents/GitHub/OneButtonGame
Using Asset Import Pipeline V2.
Refreshing native plugins compatible for Editor in 46.17 ms, found 1 plugins.
Preloading 0 native plugins for Editor in 0.00 ms.
Initialize engine version: 2020.2.2f1 (068178b99f32)
[Subsystems] Discovering subsystems at path C:/Program Files/Unity/Hub/Editor/2020.2.2f1/Editor/Data/Resources/UnitySubsystems
[Subsystems] Discovering subsystems at path C:/Users/noah.grainger/Documents/GitHub/OneButtonGame/Assets
GfxDevice: creating device client; threaded=0
Direct3D:
    Version:  Direct3D 11.0 [level 11.0]
    Renderer: NVIDIA Quadro K2200  (ID=0x13ba)
    Vendor:   
    VRAM:     4035 MB
    Driver:   10.18.13.5362
Initialize mono
Mono path[0] = 'C:/Program Files/Unity/Hub/Editor/2020.2.2f1/Editor/Data/Managed'
Mono path[1] = 'C:/Program Files/Unity/Hub/Editor/2020.2.2f1/Editor/Data/MonoBleedingEdge/lib/mono/unityjit'
Mono config path = 'C:/Program Files/Unity/Hub/Editor/2020.2.2f1/Editor/Data/MonoBleedingEdge/etc'
Using monoOptions --debugger-agent=transport=dt_socket,embedding=1,server=y,suspend=n,address=127.0.0.1:56376
Begin MonoManager ReloadAssembly
Registering precompiled unity dll's ...
Register platform support module: C:/Program Files/Unity/Hub/Editor/2020.2.2f1/Editor/Data/PlaybackEngines/WindowsStandaloneSupport/UnityEditor.WindowsStandalone.Extensions.dll
Registered in 0.001443 seconds.
Native extension for WindowsStandalone target not found
Refreshing native plugins compatible for Editor in 51.37 ms, found 1 plugins.
Preloading 0 native plugins for Editor in 0.00 ms.
Invoked RoslynAnalysisRunner static constructor.
RoslynAnalysisRunner will not be running.
RoslynAnalysisRunner has terminated.
Mono: successfully reloaded assembly
- Completed reload, in  1.141 seconds
Platform modules already initialized, skipping
Registering precompiled user dll's ...
Registered in 0.000973 seconds.
Begin MonoManager ReloadAssembly
Native extension for WindowsStandalone target not found
Refreshing native plugins compatible for Editor in 46.53 ms, found 1 plugins.
Preloading 0 native plugins for Editor in 0.00 ms.
Invoked RoslynAnalysisRunner static constructor.
RoslynAnalysisRunner will not be running.
RoslynAnalysisRunner has terminated.
Mono: successfully reloaded assembly
- Completed reload, in  1.092 seconds
Platform modules already initialized, skipping
========================================================================
Worker process is ready to serve import requests
Launched and connected shader compiler UnityShaderCompiler.exe after 0.05 seconds
Refreshing native plugins compatible for Editor in 0.39 ms, found 1 plugins.
Preloading 0 native plugins for Editor in 0.00 ms.
Unloading 1841 Unused Serialized files (Serialized files now loaded: 0)
System memory in use before: 87.2 MB.
System memory in use after: 87.3 MB.

Unloading 19 unused Assets to reduce memory usage. Loaded Objects now: 2287.
Total: 2.334900 ms (FindLiveObjects: 0.250500 ms CreateObjectMapping: 0.095400 ms MarkObjects: 1.899100 ms  DeleteObjects: 0.088900 ms)

========================================================================
Received Import Request.
  path: Assets/Scripts
  artifactKey: Guid(8462d5b00e537bd448629903fc873b70) Importer(815301076,1909f56bfc062723c751e8b465ee728b)
Start importing Assets/Scripts using Guid(8462d5b00e537bd448629903fc873b70) Importer(815301076,1909f56bfc062723c751e8b465ee728b)  -> (artifact id: '92716a26d056b2b455ab532ecd694dec') in 0.009539 seconds
  Import took 0.012649 seconds .

========================================================================
Received Import Request.
  Time since last request: 0.000231 seconds.
  path: Assets/Scripts/PlayerController.cs
  artifactKey: Guid(9c8b1efb019c87545ab6eae8ce0a9ed5) Importer(815301076,1909f56bfc062723c751e8b465ee728b)
Start importing Assets/Scripts/PlayerController.cs using Guid(9c8b1efb019c87545ab6eae8ce0a9ed5) Importer(815301076,1909f56bfc062723c751e8b465ee728b)  -> (artifact id: 'ea1b8017979cfe716e5745c20ef3ebac') in 0.031350 seconds
  Import took 0.034252 seconds .

========================================================================
Received Import Request.
  Time since last request: 0.000177 seconds.
  path: Assets/Scripts/PlatformScript.cs
  artifactKey: Guid(e9d186824aebc52408813098a0733892) Importer(815301076,1909f56bfc062723c751e8b465ee728b)
Start importing Assets/Scripts/PlatformScript.cs using Guid(e9d186824aebc52408813098a0733892) Importer(815301076,1909f56bfc062723c751e8b465ee728b)  -> (artifact id: '52ce285be3d2feda050df1e93b740dee') in 0.007153 seconds
  Import took 0.010322 seconds .

========================================================================
Received Import Request.
  Time since last request: 2.911543 seconds.
  path: Assets/Prefabs
  artifactKey: Guid(c9cbe187cb4c9074284492470b72a497) Importer(815301076,1909f56bfc062723c751e8b465ee728b)
Start importing Assets/Prefabs using Guid(c9cbe187cb4c9074284492470b72a497) Importer(815301076,1909f56bfc062723c751e8b465ee728b)  -> (artifact id: 'a1e001b064ebf1cd368f19e7c4593291') in 0.007927 seconds
  Import took 0.011718 seconds .

========================================================================
Received Import Request.
  Time since last request: 0.070999 seconds.
  path: Assets/Prefabs/Platform.prefab
  artifactKey: Guid(0353759c1a2b1ba438f5ecefece2facc) Importer(815301076,1909f56bfc062723c751e8b465ee728b)
Start importing Assets/Prefabs/Platform.prefab using Guid(0353759c1a2b1ba438f5ecefece2facc) Importer(815301076,1909f56bfc062723c751e8b465ee728b)  -> (artifact id: '343a839df67aa28811ca79f66f9d5d08') in 0.391119 seconds
  Import took 0.394755 seconds .

========================================================================
Received Import Request.
  Time since last request: 1.579353 seconds.
  path: Assets/Scenes
  artifactKey: Guid(c14db332f30d8a547a88814f97ff3a30) Importer(815301076,1909f56bfc062723c751e8b465ee728b)
Start importing Assets/Scenes using Guid(c14db332f30d8a547a88814f97ff3a30) Importer(815301076,1909f56bfc062723c751e8b465ee728b)  -> (artifact id: '6a7e67e82876770961d5d4a189593c98') in 0.007677 seconds
  Import took 0.011591 seconds .

========================================================================
Received Import Request.
  Time since last request: 85.813919 seconds.
  path: Assets/Scenes/Game Over.unity
  artifactKey: Guid(6310e41debceb884dafc56a334bf2ea2) Importer(815301076,1909f56bfc062723c751e8b465ee728b)
Start importing Assets/Scenes/Game Over.unity using Guid(6310e41debceb884dafc56a334bf2ea2) Importer(815301076,1909f56bfc062723c751e8b465ee728b)  -> (artifact id: '7e56f840d4818beb96e0bb082305ad0e') in 0.009856 seconds
  Import took 0.014173 seconds .

========================================================================
Received Import Request.
  Time since last request: 12.782879 seconds.
  path: Assets/Scenes/Main Menu.unity
  artifactKey: Guid(2cda990e2423bbf4892e6590ba056729) Importer(815301076,1909f56bfc062723c751e8b465ee728b)
Start importing Assets/Scenes/Main Menu.unity using Guid(2cda990e2423bbf4892e6590ba056729) Importer(815301076,1909f56bfc062723c751e8b465ee728b)  -> (artifact id: '598d066e7f749f326292cbbde7aa2f9b') in 0.009855 seconds
  Import took 0.013634 seconds .

========================================================================
Received Import Request.
  Time since last request: 34.274975 seconds.
  path: Assets/Scenes/GameOver.unity
  artifactKey: Guid(e95ce65329097854597b14da0bcba29a) Importer(815301076,1909f56bfc062723c751e8b465ee728b)
Start importing Assets/Scenes/GameOver.unity using Guid(e95ce65329097854597b14da0bcba29a) Importer(815301076,1909f56bfc062723c751e8b465ee728b)  -> (artifact id: '6225e7a8cef3cdd389a0405b02fa5df9') in 0.007432 seconds
  Import took 0.011473 seconds .

========================================================================
Received Import Request.
  Time since last request: 0.000557 seconds.
  path: Assets/Scenes/GameOver.unity
  artifactKey: Guid(e95ce65329097854597b14da0bcba29a) Importer(815301076,1909f56bfc062723c751e8b465ee728b)
Start importing Assets/Scenes/GameOver.unity using Guid(e95ce65329097854597b14da0bcba29a) Importer(815301076,1909f56bfc062723c751e8b465ee728b)  -> (artifact id: '6225e7a8cef3cdd389a0405b02fa5df9') in 0.002504 seconds
  Import took 0.006739 seconds .

========================================================================
Received Import Request.
  Time since last request: 112.448420 seconds.
  path: Assets/Scenes/NewBehaviourScript.cs
  artifactKey: Guid(fedc84be9c03b1c41889373b031ac15b) Importer(815301076,1909f56bfc062723c751e8b465ee728b)
Start importing Assets/Scenes/NewBehaviourScript.cs using Guid(fedc84be9c03b1c41889373b031ac15b) Importer(815301076,1909f56bfc062723c751e8b465ee728b)  -> (artifact id: 'ed56be0559769f2d7fe8f88b74111f43') in 0.008129 seconds
  Import took 0.013818 seconds .

========================================================================
Received Prepare
Registering precompiled user dll's ...
Registered in 0.001252 seconds.
Begin MonoManager ReloadAssembly
Native extension for WindowsStandalone target not found
Refreshing native plugins compatible for Editor in 0.38 ms, found 1 plugins.
Preloading 0 native plugins for Editor in 0.00 ms.
Invoked RoslynAnalysisRunner static constructor.
RoslynAnalysisRunner will not be running.
RoslynAnalysisRunner has terminated.
Mono: successfully reloaded assembly
- Completed reload, in  0.974 seconds
Platform modules already initialized, skipping
Refreshing native plugins compatible for Editor in 0.37 ms, found 1 plugins.
Preloading 0 native plugins for Editor in 0.00 ms.
Unloading 1818 Unused Serialized files (Serialized files now loaded: 0)
System memory in use before: 89.1 MB.
System memory in use after: 89.2 MB.

Unloading 8 unused Assets to reduce memory usage. Loaded Objects now: 2298.
Total: 2.281800 ms (FindLiveObjects: 0.213000 ms CreateObjectMapping: 0.104000 ms MarkObjects: 1.942100 ms  DeleteObjects: 0.021700 ms)

========================================================================
Received Import Request.
  Time since last request: 7.823024 seconds.
  path: Assets/Sprites
  artifactKey: Guid(7f9d10ea4960f6c4f8d9a9bbfe4b83e9) Importer(815301076,1909f56bfc062723c751e8b465ee728b)
Start importing Assets/Sprites using Guid(7f9d10ea4960f6c4f8d9a9bbfe4b83e9) Importer(815301076,1909f56bfc062723c751e8b465ee728b)  -> (artifact id: '3ca5174a386b1535a0395bd5df64174d') in 0.008447 seconds
  Import took 0.012092 seconds .

========================================================================
Received Import Request.
  Time since last request: 0.007120 seconds.
  path: Assets/Sprites
  artifactKey: Guid(7f9d10ea4960f6c4f8d9a9bbfe4b83e9) Importer(815301076,1909f56bfc062723c751e8b465ee728b)
Start importing Assets/Sprites using Guid(7f9d10ea4960f6c4f8d9a9bbfe4b83e9) Importer(815301076,1909f56bfc062723c751e8b465ee728b)  -> (artifact id: '3ca5174a386b1535a0395bd5df64174d') in 0.001883 seconds
  Import took 0.005678 seconds .

========================================================================
Received Import Request.
  Time since last request: 11.991120 seconds.
  path: Assets/Scripts/SceneChanger.cs
  artifactKey: Guid(db7497f2af01d494ea4134614cece82c) Importer(815301076,1909f56bfc062723c751e8b465ee728b)
Start importing Assets/Scripts/SceneChanger.cs using Guid(db7497f2af01d494ea4134614cece82c) Importer(815301076,1909f56bfc062723c751e8b465ee728b)  -> (artifact id: 'dccdc193d13fbc6681fc10a57212bc6d') in 0.001868 seconds
  Import took 0.004909 seconds .

========================================================================
Received Import Request.
  Time since last request: 0.000423 seconds.
  path: Assets/Scripts/SceneChanger.cs
  artifactKey: Guid(db7497f2af01d494ea4134614cece82c) Importer(815301076,1909f56bfc062723c751e8b465ee728b)
Start importing Assets/Scripts/SceneChanger.cs using Guid(db7497f2af01d494ea4134614cece82c) Importer(815301076,1909f56bfc062723c751e8b465ee728b)  -> (artifact id: 'dccdc193d13fbc6681fc10a57212bc6d') in 0.002108 seconds
  Import took 0.006150 seconds .

========================================================================
Received Prepare
Registering precompiled user dll's ...
Registered in 0.001302 seconds.
Begin MonoManager ReloadAssembly
Native extension for WindowsStandalone target not found
Refreshing native plugins compatible for Editor in 0.41 ms, found 1 plugins.
Preloading 0 native plugins for Editor in 0.00 ms.
Invoked RoslynAnalysisRunner static constructor.
RoslynAnalysisRunner will not be running.
RoslynAnalysisRunner has terminated.
Mono: successfully reloaded assembly
- Completed reload, in  1.074 seconds
Platform modules already initialized, skipping
Refreshing native plugins compatible for Editor in 0.70 ms, found 1 plugins.
Preloading 0 native plugins for Editor in 0.00 ms.
Unloading 1819 Unused Serialized files (Serialized files now loaded: 0)
System memory in use before: 89.3 MB.
System memory in use after: 89.4 MB.

Unloading 7 unused Assets to reduce memory usage. Loaded Objects now: 2302.
Total: 2.286700 ms (FindLiveObjects: 0.253700 ms CreateObjectMapping: 0.065800 ms MarkObjects: 1.934900 ms  DeleteObjects: 0.030900 ms)

========================================================================
Received Prepare
Registering precompiled user dll's ...
Registered in 0.000825 seconds.
Begin MonoManager ReloadAssembly
Native extension for WindowsStandalone target not found
Refreshing native plugins compatible for Editor in 0.33 ms, found 1 plugins.
Preloading 0 native plugins for Editor in 0.00 ms.
Invoked RoslynAnalysisRunner static constructor.
RoslynAnalysisRunner will not be running.
RoslynAnalysisRunner has terminated.
Mono: successfully reloaded assembly
- Completed reload, in  0.840 seconds
Platform modules already initialized, skipping
Refreshing native plugins compatible for Editor in 0.64 ms, found 1 plugins.
Preloading 0 native plugins for Editor in 0.00 ms.
Unloading 1819 Unused Serialized files (Serialized files now loaded: 0)
System memory in use before: 89.4 MB.
System memory in use after: 89.6 MB.

Unloading 7 unused Assets to reduce memory usage. Loaded Objects now: 2305.
Total: 2.135800 ms (FindLiveObjects: 0.189100 ms CreateObjectMapping: 0.068200 ms MarkObjects: 1.862600 ms  DeleteObjects: 0.014800 ms)

========================================================================
Received Import Request.
  Time since last request: 140.480321 seconds.
  path: Assets/Scripts/SceneChanger.cs
  artifactKey: Guid(db7497f2af01d494ea4134614cece82c) Importer(815301076,1909f56bfc062723c751e8b465ee728b)
Start importing Assets/Scripts/SceneChanger.cs using Guid(db7497f2af01d494ea4134614cece82c) Importer(815301076,1909f56bfc062723c751e8b465ee728b)  -> (artifact id: 'c453f7ae067610ac4d135ca68297039c') in 0.006413 seconds
  Import took 0.009391 seconds .

AssetImportWorkerClient::OnTransportError - code=2 error=End of file
